<?xml version="1.0" encoding="UTF-8"?>
<!-- Generated by org.testng.reporters.JUnitXMLReporter -->
<testsuite ignored="4" hostname="RAHUL" failures="0" tests="1" name="Default test" time="3.655" errors="0" timestamp="2024-10-07T13:11:18 IST">
  <testcase classname="practice2.BodyAndHeaderWithoutUsingID" name="printJsonFields_Approach5" time="3.61"/>
  <testcase classname="practice2.BodyAndHeaderWithoutUsingID" name="printFieldofJsonObject" time="0.0">
    <ignored/>
  </testcase> <!-- printFieldofJsonObject -->
  <testcase classname="practice2.BodyAndHeaderWithoutUsingID" name="printJsonFields_Approach1" time="0.0">
    <ignored/>
  </testcase> <!-- printJsonFields_Approach1 -->
  <testcase classname="practice2.BodyAndHeaderWithoutUsingID" name="printJsonFields_Approach2" time="0.0">
    <ignored/>
  </testcase> <!-- printJsonFields_Approach2 -->
  <testcase classname="practice2.BodyAndHeaderWithoutUsingID" name="printTotalNumberOfObjects" time="0.0">
    <ignored/>
  </testcase> <!-- printTotalNumberOfObjects -->
</testsuite> <!-- Default test -->
