<?xml version="1.0" encoding="UTF-8"?>
<testng-results ignored="4" total="5" passed="1" failed="0" skipped="0">
  <reporter-output>
  </reporter-output>
  <suite started-at="2024-10-07T13:11:15 IST" name="Default suite" finished-at="2024-10-07T13:11:18 IST" duration-ms="3655">
    <groups>
    </groups>
    <test started-at="2024-10-07T13:11:15 IST" name="Default test" finished-at="2024-10-07T13:11:18 IST" duration-ms="3655">
      <class name="practice2.BodyAndHeaderWithoutUsingID">
        <test-method signature="printJsonFields_Approach5()[pri:0, instance:practice2.BodyAndHeaderWithoutUsingID@59402b8f]" started-at="2024-10-07T13:11:15 IST" name="printJsonFields_Approach5" finished-at="2024-10-07T13:11:18 IST" duration-ms="3610" status="PASS">
          <reporter-output>
          </reporter-output>
        </test-method> <!-- printJsonFields_Approach5 -->
      </class> <!-- practice2.BodyAndHeaderWithoutUsingID -->
    </test> <!-- Default test -->
  </suite> <!-- Default suite -->
</testng-results>
